2020-05-06 14:37:09.711  WARN 1807 --- [main] o.s.boot.StartupInfoLogger               : InetAddress.getLocalHost().getHostName() took 5002 milliseconds to respond. Please verify your network configuration (macOS machines may need to add entries to /etc/hosts).
2020-05-06 14:37:14.717  INFO 1807 --- [main] c.d.logserver.LogserverApplication       : Starting LogserverApplication on Mohits-iMac.local with PID 1807 (/Users/mohit/Documents/workspace-spring-tool-suite-4-4.6.1.RELEASE/logserver/target/classes started by mohit in /Users/mohit/Documents/workspace-spring-tool-suite-4-4.6.1.RELEASE/logserver)
2020-05-06 14:37:14.717  INFO 1807 --- [main] c.d.logserver.LogserverApplication       : No active profile set, falling back to default profiles: default
2020-05-06 14:37:15.057  INFO 1807 --- [main] .s.d.r.c.RepositoryConfigurationDelegate : Bootstrapping Spring Data JPA repositories in DEFAULT mode.
2020-05-06 14:37:15.091  INFO 1807 --- [main] .s.d.r.c.RepositoryConfigurationDelegate : Finished Spring Data repository scanning in 29ms. Found 1 JPA repository interfaces.
2020-05-06 14:37:15.506  INFO 1807 --- [main] o.s.b.w.embedded.tomcat.TomcatWebServer  : Tomcat initialized with port(s): 8080 (http)
2020-05-06 14:37:15.510  INFO 1807 --- [main] o.apache.catalina.core.StandardService   : Starting service [Tomcat]
2020-05-06 14:37:15.510  INFO 1807 --- [main] org.apache.catalina.core.StandardEngine  : Starting Servlet engine: [Apache Tomcat/9.0.33]
2020-05-06 14:37:15.560  INFO 1807 --- [main] o.a.c.c.C.[Tomcat].[localhost].[/]       : Initializing Spring embedded WebApplicationContext
2020-05-06 14:37:15.560  INFO 1807 --- [main] o.s.web.context.ContextLoader            : Root WebApplicationContext: initialization completed in 821 ms
2020-05-06 14:37:15.600  INFO 1807 --- [main] com.zaxxer.hikari.HikariDataSource       : HikariPool-1 - Starting...
2020-05-06 14:37:15.656  INFO 1807 --- [main] com.zaxxer.hikari.HikariDataSource       : HikariPool-1 - Start completed.
2020-05-06 14:37:15.659  INFO 1807 --- [main] o.s.b.a.h2.H2ConsoleAutoConfiguration    : H2 console available at '/h2'. Database available at 'jdbc:h2:mem:testdb'
2020-05-06 14:37:15.808  INFO 1807 --- [main] o.hibernate.jpa.internal.util.LogHelper  : HHH000204: Processing PersistenceUnitInfo [name: default]
2020-05-06 14:37:15.839  INFO 1807 --- [main] org.hibernate.Version                    : HHH000412: Hibernate ORM core version 5.4.12.Final
2020-05-06 14:37:15.893  INFO 1807 --- [main] o.hibernate.annotations.common.Version   : HCANN000001: Hibernate Commons Annotations {5.1.0.Final}
2020-05-06 14:37:15.943  INFO 1807 --- [main] org.hibernate.dialect.Dialect            : HHH000400: Using dialect: org.hibernate.dialect.H2Dialect
2020-05-06 14:37:16.263  INFO 1807 --- [main] o.h.e.t.j.p.i.JtaPlatformInitiator       : HHH000490: Using JtaPlatform implementation: [org.hibernate.engine.transaction.jta.platform.internal.NoJtaPlatform]
2020-05-06 14:37:16.267  INFO 1807 --- [main] j.LocalContainerEntityManagerFactoryBean : Initialized JPA EntityManagerFactory for persistence unit 'default'
2020-05-06 14:37:16.349  WARN 1807 --- [main] JpaBaseConfiguration$JpaWebConfiguration : spring.jpa.open-in-view is enabled by default. Therefore, database queries may be performed during view rendering. Explicitly configure spring.jpa.open-in-view to disable this warning
2020-05-06 14:37:16.842  INFO 1807 --- [main] o.s.s.web.DefaultSecurityFilterChain     : Creating filter chain: any request, [org.springframework.security.web.context.request.async.WebAsyncManagerIntegrationFilter@4d43a1b7, org.springframework.security.web.context.SecurityContextPersistenceFilter@582dcd35, org.springframework.security.web.header.HeaderWriterFilter@221b77d7, org.springframework.security.web.authentication.logout.LogoutFilter@76e6c070, com.dovetail.logserver.filter.JwtRequestFilter@7495699f, org.springframework.security.web.savedrequest.RequestCacheAwareFilter@394a6d2b, org.springframework.security.web.servletapi.SecurityContextHolderAwareRequestFilter@4ef5dd23, org.springframework.security.web.authentication.AnonymousAuthenticationFilter@5b14f482, org.springframework.security.web.session.SessionManagementFilter@77663cd7, org.springframework.security.web.access.ExceptionTranslationFilter@25e8e59, org.springframework.security.web.access.intercept.FilterSecurityInterceptor@524f5ea5]
2020-05-06 14:37:17.049  INFO 1807 --- [main] o.s.s.concurrent.ThreadPoolTaskExecutor  : Initializing ExecutorService 'applicationTaskExecutor'
2020-05-06 14:37:17.377  INFO 1807 --- [main] o.s.b.w.embedded.tomcat.TomcatWebServer  : Tomcat started on port(s): 8080 (http) with context path ''
2020-05-06 14:37:17.379  INFO 1807 --- [main] c.d.logserver.LogserverApplication       : Started LogserverApplication in 17.869 seconds (JVM running for 23.187)
2020-05-06 14:37:22.706  INFO 1807 --- [http-nio-8080-exec-1] o.a.c.c.C.[Tomcat].[localhost].[/]       : Initializing Spring DispatcherServlet 'dispatcherServlet'
2020-05-06 14:37:22.706  INFO 1807 --- [http-nio-8080-exec-1] o.s.web.servlet.DispatcherServlet        : Initializing Servlet 'dispatcherServlet'
2020-05-06 14:37:22.718  INFO 1807 --- [http-nio-8080-exec-1] o.s.web.servlet.DispatcherServlet        : Completed initialization in 11 ms
2020-05-06 14:37:22.786  INFO 1807 --- [http-nio-8080-exec-1] c.d.logserver.advice.LoggerAdvice        : Entered: class com.dovetail.logserver.controller.ServerLogController : authenticate([{"username":"dovetail","password":"dovetail"}])
2020-05-06 14:37:22.787  INFO 1807 --- [http-nio-8080-exec-1] c.d.logserver.advice.LoggerAdvice        : Invoking: ResponseEntity com.dovetail.logserver.controller.ServerLogController.authenticate(UserDto)
2020-05-06 14:37:22.790  INFO 1807 --- [http-nio-8080-exec-1] c.d.logserver.advice.LoggerAdvice        : Entered: class com.dovetail.logserver.service.UserDetailsServiceImpl : loadUserByUsername(["dovetail"])
2020-05-06 14:37:22.790  INFO 1807 --- [http-nio-8080-exec-1] c.d.logserver.advice.LoggerAdvice        : Invoking: UserDetails com.dovetail.logserver.service.UserDetailsServiceImpl.loadUserByUsername(String)
2020-05-06 14:37:22.799  INFO 1807 --- [http-nio-8080-exec-1] c.d.logserver.advice.LoggerAdvice        : Returned: class com.dovetail.logserver.service.UserDetailsServiceImpl : loadUserByUsername() response : {"password":"dovetail","username":"dovetail","authorities":[],"accountNonExpired":true,"accountNonLocked":true,"credentialsNonExpired":true,"enabled":true}
2020-05-06 14:37:22.799  INFO 1807 --- [http-nio-8080-exec-1] c.d.logserver.advice.LoggerAdvice        : Invoked: UserDetails com.dovetail.logserver.service.UserDetailsServiceImpl.loadUserByUsername(String)
2020-05-06 14:37:22.800  INFO 1807 --- [http-nio-8080-exec-1] c.d.logserver.advice.LoggerAdvice        : Entered: class com.dovetail.logserver.service.UserDetailsServiceImpl : loadUserByUsername(["dovetail"])
2020-05-06 14:37:22.800  INFO 1807 --- [http-nio-8080-exec-1] c.d.logserver.advice.LoggerAdvice        : Invoking: UserDetails com.dovetail.logserver.service.UserDetailsServiceImpl.loadUserByUsername(String)
2020-05-06 14:37:22.800  INFO 1807 --- [http-nio-8080-exec-1] c.d.logserver.advice.LoggerAdvice        : Returned: class com.dovetail.logserver.service.UserDetailsServiceImpl : loadUserByUsername() response : {"password":"dovetail","username":"dovetail","authorities":[],"accountNonExpired":true,"accountNonLocked":true,"credentialsNonExpired":true,"enabled":true}
2020-05-06 14:37:22.800  INFO 1807 --- [http-nio-8080-exec-1] c.d.logserver.advice.LoggerAdvice        : Invoked: UserDetails com.dovetail.logserver.service.UserDetailsServiceImpl.loadUserByUsername(String)
2020-05-06 14:37:23.002  INFO 1807 --- [http-nio-8080-exec-1] c.d.logserver.advice.LoggerAdvice        : Returned: class com.dovetail.logserver.controller.ServerLogController : authenticate() response : {"headers":{},"body":"eyJhbGciOiJIUzI1NiJ9.eyJzdWIiOiJkb3ZldGFpbCIsImV4cCI6MTU4ODc1NDM2MiwiaWF0IjoxNTg4NzU0MjQyfQ.DtHXjcNFv8dBaPbtn1Dn1AbI2P2QxM5MOEG-dvKFk48","statusCode":"OK","statusCodeValue":200}
2020-05-06 14:37:23.002  INFO 1807 --- [http-nio-8080-exec-1] c.d.logserver.advice.LoggerAdvice        : Invoked: ResponseEntity com.dovetail.logserver.controller.ServerLogController.authenticate(UserDto)
